   1                             	r8	=	0xffef0
   2                             	r16	=	0xffee8
   3                             	r24	=	0xffee0
   4                             	r9	=	0xffef1
   5                             	r17	=	0xffee9
   6                             	r25	=	0xffee1
   7                             	r10	=	0xffef2
   8                             	r18	=	0xffeea
   9                             	r26	=	0xffee2
  10                             	r11	=	0xffef3
  11                             	r19	=	0xffeeb
  12                             	r27	=	0xffee3
  13                             	r12	=	0xffef4
  14                             	r20	=	0xffeec
  15                             	r28	=	0xffee4
  16                             	r13	=	0xffef5
  17                             	r21	=	0xffeed
  18                             	r29	=	0xffee5
  19                             	r14	=	0xffef6
  20                             	r22	=	0xffeee
  21                             	r30	=	0xffee6
  22                             	r15	=	0xffef7
  23                             	r23	=	0xffeef
  24                             	r31	=	0xffee7
  25                             	MDUC	=	0xf00e8
  26                             	MDAL	=	0xffff0
  27                             	MDAH	=	0xffff2
  28                             	MDBL	=	0xffff6
  29                             	MDBH	=	0xffff4
  30                             	MDCL	=	0xf00e0
  31                             	MDCH	=	0xf00e2
  32                             	.text
  33                             	.Ltext0:
  34                             		.section	.text.main,"ax",@progbits
  35                             		.global	_main
  37                             	_main:
  38                             	.LFB0:
  39                             		.file 1 "../src/DGC_A230_6_Rev_1_0_Software.c"
   1:../src/DGC_A230_6_Rev_1_0_Software.c **** /***************************************************************/
   2:../src/DGC_A230_6_Rev_1_0_Software.c **** /*                                                             */
   3:../src/DGC_A230_6_Rev_1_0_Software.c **** /*      PROJECT NAME :  DGC_A230_6_Rev_1_0_Software            */
   4:../src/DGC_A230_6_Rev_1_0_Software.c **** /*      FILE         :  DGC_A230_6_Rev_1_0_Software.c          */
   5:../src/DGC_A230_6_Rev_1_0_Software.c **** /*      DESCRIPTION  :  Main Program                           */
   6:../src/DGC_A230_6_Rev_1_0_Software.c **** /*                                                             */
   7:../src/DGC_A230_6_Rev_1_0_Software.c **** /*      This file was generated by e2 studio.                  */
   8:../src/DGC_A230_6_Rev_1_0_Software.c **** /*                                                             */
   9:../src/DGC_A230_6_Rev_1_0_Software.c **** /***************************************************************/
  10:../src/DGC_A230_6_Rev_1_0_Software.c **** 
  11:../src/DGC_A230_6_Rev_1_0_Software.c **** 
  12:../src/DGC_A230_6_Rev_1_0_Software.c **** #include "iodefine.h"
  13:../src/DGC_A230_6_Rev_1_0_Software.c **** 
  14:../src/DGC_A230_6_Rev_1_0_Software.c **** #ifdef CPPAPP
  15:../src/DGC_A230_6_Rev_1_0_Software.c **** //Initialize global constructors
  16:../src/DGC_A230_6_Rev_1_0_Software.c **** extern void __main()
  17:../src/DGC_A230_6_Rev_1_0_Software.c **** {
  18:../src/DGC_A230_6_Rev_1_0_Software.c ****   static int initialized;
  19:../src/DGC_A230_6_Rev_1_0_Software.c ****   if (! initialized)
  20:../src/DGC_A230_6_Rev_1_0_Software.c ****     {
  21:../src/DGC_A230_6_Rev_1_0_Software.c ****       typedef void (*pfunc) ();
  22:../src/DGC_A230_6_Rev_1_0_Software.c ****       extern pfunc __ctors[];
  23:../src/DGC_A230_6_Rev_1_0_Software.c ****       extern pfunc __ctors_end[];
  24:../src/DGC_A230_6_Rev_1_0_Software.c ****       pfunc *p;
  25:../src/DGC_A230_6_Rev_1_0_Software.c **** 
  26:../src/DGC_A230_6_Rev_1_0_Software.c ****       initialized = 1;
  27:../src/DGC_A230_6_Rev_1_0_Software.c ****       for (p = __ctors_end; p > __ctors; )
  28:../src/DGC_A230_6_Rev_1_0_Software.c ****     (*--p) ();
  29:../src/DGC_A230_6_Rev_1_0_Software.c **** 
  30:../src/DGC_A230_6_Rev_1_0_Software.c ****     }
  31:../src/DGC_A230_6_Rev_1_0_Software.c **** }
  32:../src/DGC_A230_6_Rev_1_0_Software.c **** #endif 
  33:../src/DGC_A230_6_Rev_1_0_Software.c **** 
  34:../src/DGC_A230_6_Rev_1_0_Software.c **** int main(void) {
  40                             		.loc 1 34 0
  41                             	.L2:
  35:../src/DGC_A230_6_Rev_1_0_Software.c **** 
  36:../src/DGC_A230_6_Rev_1_0_Software.c ****     while(1) {
  37:../src/DGC_A230_6_Rev_1_0_Software.c **** 	// TODO: add application code here
  38:../src/DGC_A230_6_Rev_1_0_Software.c ****     }
  42                             		.loc 1 38 0 discriminator 1
  43 0000 EC 00 00 00             		br	!!.L2
  44                             	.LFE0:
  72                             	.Letext0:
