   1                             	r8	=	0xffef0
   2                             	r16	=	0xffee8
   3                             	r24	=	0xffee0
   4                             	r9	=	0xffef1
   5                             	r17	=	0xffee9
   6                             	r25	=	0xffee1
   7                             	r10	=	0xffef2
   8                             	r18	=	0xffeea
   9                             	r26	=	0xffee2
  10                             	r11	=	0xffef3
  11                             	r19	=	0xffeeb
  12                             	r27	=	0xffee3
  13                             	r12	=	0xffef4
  14                             	r20	=	0xffeec
  15                             	r28	=	0xffee4
  16                             	r13	=	0xffef5
  17                             	r21	=	0xffeed
  18                             	r29	=	0xffee5
  19                             	r14	=	0xffef6
  20                             	r22	=	0xffeee
  21                             	r30	=	0xffee6
  22                             	r15	=	0xffef7
  23                             	r23	=	0xffeef
  24                             	r31	=	0xffee7
  25                             	MDUC	=	0xf00e8
  26                             	MDAL	=	0xffff0
  27                             	MDAH	=	0xffff2
  28                             	MDBL	=	0xffff6
  29                             	MDBH	=	0xffff4
  30                             	MDCL	=	0xf00e0
  31                             	MDCH	=	0xf00e2
  32                             	.text
  33                             	.Ltext0:
  34                             		.section	.text.R_CGC_Create,"ax",@progbits
  35                             		.global	_R_CGC_Create
  37                             	_R_CGC_Create:
  38                             	.LFB0:
  39                             		.file 1 "../src/r_cg_cgc.c"
   1:../src/r_cg_cgc.c **** /**************************************************************************************************
   2:../src/r_cg_cgc.c **** * DISCLAIMER
   3:../src/r_cg_cgc.c **** * This software is supplied by Renesas Electronics Corporation and is only intended for use with Re
   4:../src/r_cg_cgc.c **** * No other uses are authorized. This software is owned by Renesas Electronics Corporation and is pr
   5:../src/r_cg_cgc.c **** * applicable laws, including copyright laws. 
   6:../src/r_cg_cgc.c **** * THIS SOFTWARE IS PROVIDED "AS IS" AND RENESAS MAKES NO WARRANTIES REGARDING THIS SOFTWARE, WHETHE
   7:../src/r_cg_cgc.c **** * OR STATUTORY, INCLUDING BUT NOT LIMITED TO WARRANTIES OF MERCHANTABILITY, FITNESS FOR A PARTICULA
   8:../src/r_cg_cgc.c **** * NON-INFRINGEMENT.  ALL SUCH WARRANTIES ARE EXPRESSLY DISCLAIMED.TO THE MAXIMUM EXTENT PERMITTED N
   9:../src/r_cg_cgc.c **** * LAW, NEITHER RENESAS ELECTRONICS CORPORATION NOR ANY OF ITS AFFILIATED COMPANIES SHALL BE LIABLE 
  10:../src/r_cg_cgc.c **** * INDIRECT, SPECIAL, INCIDENTAL OR CONSEQUENTIAL DAMAGES FOR ANY REASON RELATED TO THIS SOFTWARE, E
  11:../src/r_cg_cgc.c **** * ITS AFFILIATES HAVE BEEN ADVISED OF THE POSSIBILITY OF SUCH DAMAGES.
  12:../src/r_cg_cgc.c **** * Renesas reserves the right, without notice, to make changes to this software and to discontinue t
  13:../src/r_cg_cgc.c **** * of this software. By using this software, you agree to the additional terms and conditions found 
  14:../src/r_cg_cgc.c **** * following link:
  15:../src/r_cg_cgc.c **** * http://www.renesas.com/disclaimer
  16:../src/r_cg_cgc.c **** *
  17:../src/r_cg_cgc.c **** * Copyright (C) 2011, 2021 Renesas Electronics Corporation. All rights reserved.
  18:../src/r_cg_cgc.c **** ***************************************************************************************************
  19:../src/r_cg_cgc.c **** 
  20:../src/r_cg_cgc.c **** /**************************************************************************************************
  21:../src/r_cg_cgc.c **** * File Name    : r_cg_cgc.c
  22:../src/r_cg_cgc.c **** * Version      : CodeGenerator for RL78/G13 V2.05.06.02 [08 Nov 2021]
  23:../src/r_cg_cgc.c **** * Device(s)    : R5F100LF
  24:../src/r_cg_cgc.c **** * Tool-Chain   : GCCRL78
  25:../src/r_cg_cgc.c **** * Description  : This file implements device driver for CGC module.
  26:../src/r_cg_cgc.c **** * Creation Date: 7/28/2024
  27:../src/r_cg_cgc.c **** ***************************************************************************************************
  28:../src/r_cg_cgc.c **** 
  29:../src/r_cg_cgc.c **** /**************************************************************************************************
  30:../src/r_cg_cgc.c **** Includes
  31:../src/r_cg_cgc.c **** ***************************************************************************************************
  32:../src/r_cg_cgc.c **** #include "r_cg_macrodriver.h"
  33:../src/r_cg_cgc.c **** #include "r_cg_cgc.h"
  34:../src/r_cg_cgc.c **** /* Start user code for include. Do not edit comment generated here */
  35:../src/r_cg_cgc.c **** /* End user code. Do not edit comment generated here */
  36:../src/r_cg_cgc.c **** #include "r_cg_userdefine.h"
  37:../src/r_cg_cgc.c **** 
  38:../src/r_cg_cgc.c **** /**************************************************************************************************
  39:../src/r_cg_cgc.c **** Global variables and functions
  40:../src/r_cg_cgc.c **** ***************************************************************************************************
  41:../src/r_cg_cgc.c **** /* Start user code for global. Do not edit comment generated here */
  42:../src/r_cg_cgc.c **** /* End user code. Do not edit comment generated here */
  43:../src/r_cg_cgc.c **** 
  44:../src/r_cg_cgc.c **** /**************************************************************************************************
  45:../src/r_cg_cgc.c **** * Function Name: R_CGC_Create
  46:../src/r_cg_cgc.c **** * Description  : This function initializes the clock generator.
  47:../src/r_cg_cgc.c **** * Arguments    : None
  48:../src/r_cg_cgc.c **** * Return Value : None
  49:../src/r_cg_cgc.c **** ***************************************************************************************************
  50:../src/r_cg_cgc.c **** void R_CGC_Create(void)
  51:../src/r_cg_cgc.c **** {
  40                             		.loc 1 51 0
  52:../src/r_cg_cgc.c ****     /* Set fMX */
  53:../src/r_cg_cgc.c ****     CMC = _00_CGC_HISYS_PORT | _00_CGC_SUB_PORT | _00_CGC_SYSOSC_DEFAULT | _00_CGC_SUBMODE_DEFAULT;
  41                             		.loc 1 53 0
  42 0000 C9 F0 A0 FF             		movw	r8, #-96
  43 0004 AD F0                   		movw	ax, r8
  44 0006 BD F2                   		movw	r10, ax
  45 0008 EA F2                   		movw	de, r10
  46 000a F1                      		clrb	a
  47 000b 99                      		mov	[de], a
  54:../src/r_cg_cgc.c ****     MSTOP = 1U;
  48                             		.loc 1 54 0
  49 000c C9 F0 A1 FF             		movw	r8, #-95
  50 0010 AD F0                   		movw	ax, r8
  51 0012 BD F4                   		movw	r12, ax
  52 0014 FA F4                   		movw	hl, r12
  53 0016 8B                      		mov	a, [hl]
  54 0017 9D F2                   		mov	r10, a
  55 0019 6A F2 80                		or	r10, #-128
  56 001c AD F0                   		movw	ax, r8
  57 001e EA F4                   		movw	de, r12
  58 0020 8D F2                   		mov	a, r10
  59 0022 99                      		mov	[de], a
  55:../src/r_cg_cgc.c ****     /* Set fMAIN */
  56:../src/r_cg_cgc.c ****     MCM0 = 0U;
  60                             		.loc 1 56 0
  61 0023 C9 F0 A4 FF             		movw	r8, #-92
  62 0027 AD F0                   		movw	ax, r8
  63 0029 BD F4                   		movw	r12, ax
  64 002b FA F4                   		movw	hl, r12
  65 002d 8B                      		mov	a, [hl]
  66 002e 9D F2                   		mov	r10, a
  67 0030 5A F2 EF                		and	r10, #-17
  68 0033 AD F0                   		movw	ax, r8
  69 0035 EA F4                   		movw	de, r12
  70 0037 8D F2                   		mov	a, r10
  71 0039 99                      		mov	[de], a
  57:../src/r_cg_cgc.c ****     /* Set fSUB */
  58:../src/r_cg_cgc.c ****     XTSTOP = 1U;
  72                             		.loc 1 58 0
  73 003a C9 F0 A1 FF             		movw	r8, #-95
  74 003e AD F0                   		movw	ax, r8
  75 0040 BD F4                   		movw	r12, ax
  76 0042 FA F4                   		movw	hl, r12
  77 0044 8B                      		mov	a, [hl]
  78 0045 9D F2                   		mov	r10, a
  79 0047 6A F2 40                		or	r10, #64
  80 004a AD F0                   		movw	ax, r8
  81 004c EA F4                   		movw	de, r12
  82 004e 8D F2                   		mov	a, r10
  83 0050 99                      		mov	[de], a
  59:../src/r_cg_cgc.c ****     OSMC = _10_CGC_RTC_CLK_FIL;
  84                             		.loc 1 59 0
  85 0051 C9 F0 F3 00             		movw	r8, #243
  86 0055 AD F0                   		movw	ax, r8
  87 0057 BD F2                   		movw	r10, ax
  88 0059 EA F2                   		movw	de, r10
  89 005b 51 10                   		mov	a, #16
  90 005d 99                      		mov	[de], a
  60:../src/r_cg_cgc.c ****     /* Set fCLK */
  61:../src/r_cg_cgc.c ****     CSS = 0U;
  91                             		.loc 1 61 0
  92 005e C9 F0 A4 FF             		movw	r8, #-92
  93 0062 AD F0                   		movw	ax, r8
  94 0064 BD F4                   		movw	r12, ax
  95 0066 FA F4                   		movw	hl, r12
  96 0068 8B                      		mov	a, [hl]
  97 0069 9D F2                   		mov	r10, a
  98 006b 5A F2 BF                		and	r10, #-65
  99 006e AD F0                   		movw	ax, r8
 100 0070 EA F4                   		movw	de, r12
 101 0072 8D F2                   		mov	a, r10
 102 0074 99                      		mov	[de], a
  62:../src/r_cg_cgc.c ****     /* Set fIH */
  63:../src/r_cg_cgc.c ****     HIOSTOP = 0U;
 103                             		.loc 1 63 0
 104 0075 C9 F0 A1 FF             		movw	r8, #-95
 105 0079 AD F0                   		movw	ax, r8
 106 007b BD F4                   		movw	r12, ax
 107 007d FA F4                   		movw	hl, r12
 108 007f 8B                      		mov	a, [hl]
 109 0080 9D F2                   		mov	r10, a
 110 0082 5A F2 FE                		and	r10, #-2
 111 0085 AD F0                   		movw	ax, r8
 112 0087 EA F4                   		movw	de, r12
 113 0089 8D F2                   		mov	a, r10
 114 008b 99                      		mov	[de], a
  64:../src/r_cg_cgc.c **** }
 115                             		.loc 1 64 0
 116 008c D7                      		ret
 117                             	.LFE0:
 145                             	.Letext0:
 146                             		.file 2 "E:/AIoT/Code/Rogger/DGC_A230_6_Rev_1_0_Software/generate/iodefine.h"
