   1                             	r8	=	0xffef0
   2                             	r16	=	0xffee8
   3                             	r24	=	0xffee0
   4                             	r9	=	0xffef1
   5                             	r17	=	0xffee9
   6                             	r25	=	0xffee1
   7                             	r10	=	0xffef2
   8                             	r18	=	0xffeea
   9                             	r26	=	0xffee2
  10                             	r11	=	0xffef3
  11                             	r19	=	0xffeeb
  12                             	r27	=	0xffee3
  13                             	r12	=	0xffef4
  14                             	r20	=	0xffeec
  15                             	r28	=	0xffee4
  16                             	r13	=	0xffef5
  17                             	r21	=	0xffeed
  18                             	r29	=	0xffee5
  19                             	r14	=	0xffef6
  20                             	r22	=	0xffeee
  21                             	r30	=	0xffee6
  22                             	r15	=	0xffef7
  23                             	r23	=	0xffeef
  24                             	r31	=	0xffee7
  25                             	MDUC	=	0xf00e8
  26                             	MDAL	=	0xffff0
  27                             	MDAH	=	0xffff2
  28                             	MDBL	=	0xffff6
  29                             	MDBH	=	0xffff4
  30                             	MDCL	=	0xf00e0
  31                             	MDCH	=	0xf00e2
  32                             	.text
  33                             	.Ltext0:
  34                             		.global	_Option_Bytes
  35                             		.section	.option_bytes,"a",@progbits
  38                             	_Option_Bytes:
  39 0000 EF                      		.byte	-17
  40 0001 FF                      		.byte	-1
  41 0002 E8                      		.byte	-24
  42 0003 85                      		.byte	-123
  43                             		.global	_Security_Id
  44                             		.section	.security_id,"a",@progbits
  47                             	_Security_Id:
  48 0000 00 00 00 00 00 00 00 00 		.zero	10
  48      00 00 
  49                             		.global	_HardwareVectors
  50                             		.section	.vec,"aw",@progbits
  51                             		.balign 2
  54                             	_HardwareVectors:
  55 0000 00 00                   		.short	%code(_PowerON_Reset)
  56 0002 FF FF                   		.short	-1
  57                             		.global	_Vectors
  58                             		.section	.vects,"aw",@progbits
  59                             		.balign 2
  62                             	_Vectors:
  63 0000 00 00                   		.short	%code(_INT_WDTI)
  64 0002 00 00                   		.short	%code(_INT_LVI)
  65 0004 00 00                   		.short	%code(_INT_P0)
  66 0006 00 00                   		.short	%code(_INT_P1)
  67 0008 00 00                   		.short	%code(_INT_P2)
  68 000a 00 00                   		.short	%code(_INT_P3)
  69 000c 00 00                   		.short	%code(_INT_P4)
  70 000e 00 00                   		.short	%code(_INT_P5)
  71 0010 00 00                   		.short	%code(_INT_ST2)
  72 0012 00 00                   		.short	%code(_INT_SR2)
  73 0014 00 00                   		.short	%code(_INT_SRE2)
  74 0016 00 00                   		.short	%code(_INT_DMA0)
  75 0018 00 00                   		.short	%code(_INT_DMA1)
  76 001a 00 00                   		.short	%code(_INT_ST0)
  77 001c 00 00                   		.short	%code(_INT_SR0)
  78 001e 00 00                   		.short	%code(_INT_TM01H)
  79 0020 00 00                   		.short	%code(_INT_ST1)
  80 0022 00 00                   		.short	%code(_INT_SR1)
  81 0024 00 00                   		.short	%code(_INT_TM03H)
  82 0026 00 00                   		.short	%code(_INT_IICA0)
  83 0028 00 00                   		.short	%code(_INT_TM00)
  84 002a 00 00                   		.short	%code(_INT_TM01)
  85 002c 00 00                   		.short	%code(_INT_TM02)
  86 002e 00 00                   		.short	%code(_INT_TM03)
  87 0030 00 00                   		.short	%code(_INT_AD)
  88 0032 00 00                   		.short	%code(_INT_RTC)
  89 0034 00 00                   		.short	%code(_INT_IT)
  90 0036 00 00                   		.short	%code(_INT_KR)
  91 0038 FF FF                   		.short	-1
  92 003a FF FF                   		.short	-1
  93 003c FF FF                   		.short	-1
  94 003e 00 00                   		.short	%code(_INT_TM04)
  95 0040 00 00                   		.short	%code(_INT_TM05)
  96 0042 00 00                   		.short	%code(_INT_TM06)
  97 0044 00 00                   		.short	%code(_INT_TM07)
  98 0046 00 00                   		.short	%code(_INT_P6)
  99 0048 00 00                   		.short	%code(_INT_P7)
 100 004a 00 00                   		.short	%code(_INT_P8)
 101 004c 00 00                   		.short	%code(_INT_P9)
 102 004e 00 00                   		.short	%code(_INT_P10)
 103 0050 00 00                   		.short	%code(_INT_P11)
 104 0052 FF FF                   		.short	-1
 105 0054 FF FF                   		.short	-1
 106 0056 FF FF                   		.short	-1
 107 0058 FF FF                   		.short	-1
 108 005a 00 00                   		.short	%code(_INT_MD)
 109 005c FF FF                   		.short	-1
 110 005e 00 00                   		.short	%code(_INT_FL)
 111 0060 FF FF                   		.short	-1
 112 0062 FF FF                   		.short	-1
 113 0064 FF FF                   		.short	-1
 114 0066 FF FF                   		.short	-1
 115 0068 FF FF                   		.short	-1
 116 006a FF FF                   		.short	-1
 117 006c FF FF                   		.short	-1
 118 006e FF FF                   		.short	-1
 119 0070 FF FF                   		.short	-1
 120 0072 FF FF                   		.short	-1
 121 0074 FF FF                   		.short	-1
 122 0076 FF FF                   		.short	-1
 123 0078 FF FF                   		.short	-1
 124 007a 00 00                   		.short	%code(_INT_BRK_I)
 125                             	.text
 126                             	.Letext0:
 127                             		.file 1 "../generate/vects.c"
